<?xml version="1.0" encoding="UTF-8"?>
<!-- Generated by org.testng.reporters.JUnitXMLReporter -->
<testsuite hostname="DESKTOP-BP6165A" ignored="0" name="Surefire test" tests="5" failures="1" timestamp="21 Apr 2020 18:11:01 GMT" time="157.07" errors="0">
  <testcase name="ValicadteWelcomeMsg" time="2.565" classname="com.mylearning.TestCases.LoginTest"/>
  <testcase name="ValidateLogo" time="0.1" classname="com.mylearning.TestCases.LoginTest"/>
  <testcase name="checkbranch1" time="0.0" classname="com.mylearning.TestCases.LoginTest"/>
  <testcase name="testfail" time="0.005" classname="com.mylearning.TestCases.LoginTest">
    <failure type="java.lang.AssertionError" message="expected [false] but found [true]">
      <![CDATA[java.lang.AssertionError: expected [false] but found [true]
	at com.mylearning.TestCases.LoginTest.testfail(LoginTest.java:72)
... Removed 36 stack frames]]>
    </failure>
  </testcase> <!-- testfail -->
  <testcase name="validatelogin" time="12.18" classname="com.mylearning.TestCases.LoginTest"/>
</testsuite> <!-- Surefire test -->
