<?xml version="1.0" encoding="UTF-8"?>
<testng-results skipped="0" failed="1" ignored="0" total="5" passed="4">
  <reporter-output>
  </reporter-output>
  <suite name="Surefire suite" duration-ms="157070" started-at="2020-04-21T18:08:24Z" finished-at="2020-04-21T18:11:01Z">
    <groups>
    </groups>
    <test name="Surefire test" duration-ms="157070" started-at="2020-04-21T18:08:24Z" finished-at="2020-04-21T18:11:01Z">
      <class name="com.mylearning.TestCases.LoginTest">
        <test-method status="PASS" signature="beforemethod()[pri:0, instance:com.mylearning.TestCases.LoginTest@48aaecc3]" name="beforemethod" is-config="true" duration-ms="43484" started-at="2020-04-21T23:38:24Z" finished-at="2020-04-21T23:39:07Z">
          <reporter-output>
          </reporter-output>
        </test-method> <!-- beforemethod -->
        <test-method status="PASS" signature="ValicadteWelcomeMsg()[pri:0, instance:com.mylearning.TestCases.LoginTest@48aaecc3]" name="ValicadteWelcomeMsg" duration-ms="2565" started-at="2020-04-21T23:39:07Z" finished-at="2020-04-21T23:39:10Z">
          <reporter-output>
          </reporter-output>
        </test-method> <!-- ValicadteWelcomeMsg -->
        <test-method status="PASS" signature="aftermethod()[pri:0, instance:com.mylearning.TestCases.LoginTest@48aaecc3]" name="aftermethod" is-config="true" duration-ms="1542" started-at="2020-04-21T23:39:10Z" finished-at="2020-04-21T23:39:11Z">
          <reporter-output>
          </reporter-output>
        </test-method> <!-- aftermethod -->
        <test-method status="PASS" signature="beforemethod()[pri:0, instance:com.mylearning.TestCases.LoginTest@48aaecc3]" name="beforemethod" is-config="true" duration-ms="24349" started-at="2020-04-21T23:39:11Z" finished-at="2020-04-21T23:39:35Z">
          <reporter-output>
          </reporter-output>
        </test-method> <!-- beforemethod -->
        <test-method status="PASS" signature="ValidateLogo()[pri:0, instance:com.mylearning.TestCases.LoginTest@48aaecc3]" name="ValidateLogo" duration-ms="100" started-at="2020-04-21T23:39:35Z" finished-at="2020-04-21T23:39:36Z">
          <reporter-output>
          </reporter-output>
        </test-method> <!-- ValidateLogo -->
        <test-method status="PASS" signature="aftermethod()[pri:0, instance:com.mylearning.TestCases.LoginTest@48aaecc3]" name="aftermethod" is-config="true" duration-ms="1168" started-at="2020-04-21T23:39:36Z" finished-at="2020-04-21T23:39:37Z">
          <reporter-output>
          </reporter-output>
        </test-method> <!-- aftermethod -->
        <test-method status="PASS" signature="beforemethod()[pri:0, instance:com.mylearning.TestCases.LoginTest@48aaecc3]" name="beforemethod" is-config="true" duration-ms="20763" started-at="2020-04-21T23:39:37Z" finished-at="2020-04-21T23:39:58Z">
          <reporter-output>
          </reporter-output>
        </test-method> <!-- beforemethod -->
        <test-method status="PASS" signature="aftermethod()[pri:0, instance:com.mylearning.TestCases.LoginTest@48aaecc3]" name="aftermethod" is-config="true" duration-ms="1142" started-at="2020-04-21T23:39:58Z" finished-at="2020-04-21T23:39:59Z">
          <reporter-output>
          </reporter-output>
        </test-method> <!-- aftermethod -->
        <test-method status="PASS" signature="checkbranch1()[pri:0, instance:com.mylearning.TestCases.LoginTest@48aaecc3]" name="checkbranch1" duration-ms="0" started-at="2020-04-21T23:39:58Z" finished-at="2020-04-21T23:39:58Z">
          <reporter-output>
          </reporter-output>
        </test-method> <!-- checkbranch1 -->
        <test-method status="PASS" signature="beforemethod()[pri:0, instance:com.mylearning.TestCases.LoginTest@48aaecc3]" name="beforemethod" is-config="true" duration-ms="22654" started-at="2020-04-21T23:39:59Z" finished-at="2020-04-21T23:40:21Z">
          <reporter-output>
          </reporter-output>
        </test-method> <!-- beforemethod -->
        <test-method status="FAIL" signature="testfail()[pri:0, instance:com.mylearning.TestCases.LoginTest@48aaecc3]" name="testfail" duration-ms="5" started-at="2020-04-21T23:40:21Z" finished-at="2020-04-21T23:40:21Z">
          <exception class="java.lang.AssertionError">
            <message>
              <![CDATA[expected [false] but found [true]]]>
            </message>
            <full-stacktrace>
              <![CDATA[java.lang.AssertionError: expected [false] but found [true]
	at org.testng.Assert.fail(Assert.java:93)
	at org.testng.Assert.failNotEquals(Assert.java:512)
	at org.testng.Assert.assertEqualsImpl(Assert.java:134)
	at org.testng.Assert.assertEquals(Assert.java:115)
	at org.testng.Assert.assertEquals(Assert.java:304)
	at org.testng.Assert.assertEquals(Assert.java:314)
	at com.mylearning.TestCases.LoginTest.testfail(LoginTest.java:72)
	at sun.reflect.NativeMethodAccessorImpl.invoke0(Native Method)
	at sun.reflect.NativeMethodAccessorImpl.invoke(NativeMethodAccessorImpl.java:62)
	at sun.reflect.DelegatingMethodAccessorImpl.invoke(DelegatingMethodAccessorImpl.java:43)
	at java.lang.reflect.Method.invoke(Method.java:498)
	at org.testng.internal.MethodInvocationHelper.invokeMethod(MethodInvocationHelper.java:108)
	at org.testng.internal.Invoker.invokeMethod(Invoker.java:661)
	at org.testng.internal.Invoker.invokeTestMethod(Invoker.java:869)
	at org.testng.internal.Invoker.invokeTestMethods(Invoker.java:1193)
	at org.testng.internal.TestMethodWorker.invokeTestMethods(TestMethodWorker.java:126)
	at org.testng.internal.TestMethodWorker.run(TestMethodWorker.java:109)
	at org.testng.TestRunner.privateRun(TestRunner.java:744)
	at org.testng.TestRunner.run(TestRunner.java:602)
	at org.testng.SuiteRunner.runTest(SuiteRunner.java:380)
	at org.testng.SuiteRunner.runSequentially(SuiteRunner.java:375)
	at org.testng.SuiteRunner.privateRun(SuiteRunner.java:340)
	at org.testng.SuiteRunner.run(SuiteRunner.java:289)
	at org.testng.SuiteRunnerWorker.runSuite(SuiteRunnerWorker.java:52)
	at org.testng.SuiteRunnerWorker.run(SuiteRunnerWorker.java:86)
	at org.testng.TestNG.runSuitesSequentially(TestNG.java:1301)
	at org.testng.TestNG.runSuitesLocally(TestNG.java:1226)
	at org.testng.TestNG.runSuites(TestNG.java:1144)
	at org.testng.TestNG.run(TestNG.java:1115)
	at org.apache.maven.surefire.testng.TestNGExecutor.run(TestNGExecutor.java:135)
	at org.apache.maven.surefire.testng.TestNGDirectoryTestSuite.executeSingleClass(TestNGDirectoryTestSuite.java:112)
	at org.apache.maven.surefire.testng.TestNGDirectoryTestSuite.execute(TestNGDirectoryTestSuite.java:99)
	at org.apache.maven.surefire.testng.TestNGProvider.invoke(TestNGProvider.java:146)
	at org.apache.maven.surefire.booter.ForkedBooter.invokeProviderInSameClassLoader(ForkedBooter.java:384)
	at org.apache.maven.surefire.booter.ForkedBooter.runSuitesInProcess(ForkedBooter.java:345)
	at org.apache.maven.surefire.booter.ForkedBooter.execute(ForkedBooter.java:126)
	at org.apache.maven.surefire.booter.ForkedBooter.main(ForkedBooter.java:418)
]]>
            </full-stacktrace>
          </exception> <!-- java.lang.AssertionError -->
          <reporter-output>
          </reporter-output>
        </test-method> <!-- testfail -->
        <test-method status="PASS" signature="aftermethod()[pri:0, instance:com.mylearning.TestCases.LoginTest@48aaecc3]" name="aftermethod" is-config="true" duration-ms="704" started-at="2020-04-21T23:40:21Z" finished-at="2020-04-21T23:40:22Z">
          <reporter-output>
          </reporter-output>
        </test-method> <!-- aftermethod -->
        <test-method status="PASS" signature="beforemethod()[pri:0, instance:com.mylearning.TestCases.LoginTest@48aaecc3]" name="beforemethod" is-config="true" duration-ms="25400" started-at="2020-04-21T23:40:22Z" finished-at="2020-04-21T23:40:48Z">
          <reporter-output>
          </reporter-output>
        </test-method> <!-- beforemethod -->
        <test-method status="PASS" signature="validatelogin()[pri:0, instance:com.mylearning.TestCases.LoginTest@48aaecc3]" name="validatelogin" duration-ms="12180" started-at="2020-04-21T23:40:48Z" finished-at="2020-04-21T23:41:00Z">
          <reporter-output>
          </reporter-output>
        </test-method> <!-- validatelogin -->
        <test-method status="PASS" signature="aftermethod()[pri:0, instance:com.mylearning.TestCases.LoginTest@48aaecc3]" name="aftermethod" is-config="true" duration-ms="854" started-at="2020-04-21T23:41:00Z" finished-at="2020-04-21T23:41:01Z">
          <reporter-output>
          </reporter-output>
        </test-method> <!-- aftermethod -->
      </class> <!-- com.mylearning.TestCases.LoginTest -->
    </test> <!-- Surefire test -->
  </suite> <!-- Surefire suite -->
</testng-results>
